2019-02-20 15:23:01.788 [restartedMain] INFO  o.s.c.a.AnnotationConfigApplicationContext -
				Refreshing org.springframework.context.annotation.AnnotationConfigApplicationContext@1fa10b61: startup date [Wed Feb 20 15:23:01 CST 2019]; root of context hierarchy
2019-02-20 15:23:02.098 [restartedMain] INFO  o.s.c.s.PostProcessorRegistrationDelegate$BeanPostProcessorChecker -
				Bean 'configurationPropertiesRebinderAutoConfiguration' of type [org.springframework.cloud.autoconfigure.ConfigurationPropertiesRebinderAutoConfiguration$$EnhancerBySpringCGLIB$$8e118095] is not eligible for getting processed by all BeanPostProcessors (for example: not eligible for auto-proxying)
2019-02-20 15:23:02.697 [restartedMain] INFO  com.zhiyesoft.vote.MyVoteApplication -
				No active profile set, falling back to default profiles: default
2019-02-20 15:23:02.780 [restartedMain] INFO  o.s.b.w.s.c.AnnotationConfigServletWebServerApplicationContext -
				Refreshing org.springframework.boot.web.servlet.context.AnnotationConfigServletWebServerApplicationContext@40703609: startup date [Wed Feb 20 15:23:02 CST 2019]; parent: org.springframework.context.annotation.AnnotationConfigApplicationContext@1fa10b61
2019-02-20 15:23:05.355 [restartedMain] INFO  o.s.d.r.config.RepositoryConfigurationDelegate -
				Multiple Spring Data modules found, entering strict repository configuration mode!
2019-02-20 15:23:05.681 [restartedMain] INFO  o.s.b.factory.support.DefaultListableBeanFactory -
				Overriding bean definition for bean 'dataSource' with a different definition: replacing [Root bean: class [null]; scope=refresh; abstract=false; lazyInit=false; autowireMode=3; dependencyCheck=0; autowireCandidate=false; primary=false; factoryBeanName=org.springframework.boot.autoconfigure.jdbc.DataSourceConfiguration$Hikari; factoryMethodName=dataSource; initMethodName=null; destroyMethodName=(inferred); defined in class path resource [org/springframework/boot/autoconfigure/jdbc/DataSourceConfiguration$Hikari.class]] with [Root bean: class [org.springframework.aop.scope.ScopedProxyFactoryBean]; scope=; abstract=false; lazyInit=false; autowireMode=0; dependencyCheck=0; autowireCandidate=true; primary=false; factoryBeanName=null; factoryMethodName=null; initMethodName=null; destroyMethodName=null; defined in BeanDefinition defined in class path resource [org/springframework/boot/autoconfigure/jdbc/DataSourceConfiguration$Hikari.class]]
2019-02-20 15:23:05.935 [restartedMain] INFO  o.springframework.cloud.context.scope.GenericScope -
				BeanFactory id=28bf61fa-706e-3a8b-ad3b-b27db3d58d2f
2019-02-20 15:23:06.073 [restartedMain] INFO  o.s.c.s.PostProcessorRegistrationDelegate$BeanPostProcessorChecker -
				Bean 'org.springframework.security.config.annotation.configuration.ObjectPostProcessorConfiguration' of type [org.springframework.security.config.annotation.configuration.ObjectPostProcessorConfiguration$$EnhancerBySpringCGLIB$$aa545d2] is not eligible for getting processed by all BeanPostProcessors (for example: not eligible for auto-proxying)
2019-02-20 15:23:06.093 [restartedMain] INFO  o.s.c.s.PostProcessorRegistrationDelegate$BeanPostProcessorChecker -
				Bean 'compositeCacheConfig' of type [com.zhiyesoft.vote.CompositeCacheConfig$$EnhancerBySpringCGLIB$$cc000834] is not eligible for getting processed by all BeanPostProcessors (for example: not eligible for auto-proxying)
2019-02-20 15:23:06.105 [restartedMain] INFO  o.s.c.s.PostProcessorRegistrationDelegate$BeanPostProcessorChecker -
				Bean 'org.springframework.transaction.annotation.ProxyTransactionManagementConfiguration' of type [org.springframework.transaction.annotation.ProxyTransactionManagementConfiguration$$EnhancerBySpringCGLIB$$71f77d98] is not eligible for getting processed by all BeanPostProcessors (for example: not eligible for auto-proxying)
2019-02-20 15:23:06.148 [restartedMain] INFO  o.s.c.s.PostProcessorRegistrationDelegate$BeanPostProcessorChecker -
				Bean 'simpleCacheManager' of type [org.springframework.cache.concurrent.ConcurrentMapCacheManager] is not eligible for getting processed by all BeanPostProcessors (for example: not eligible for auto-proxying)
2019-02-20 15:23:06.166 [restartedMain] INFO  o.s.c.s.PostProcessorRegistrationDelegate$BeanPostProcessorChecker -
				Bean 'org.springframework.boot.context.properties.ConversionServiceDeducer$Factory' of type [org.springframework.boot.context.properties.ConversionServiceDeducer$Factory] is not eligible for getting processed by all BeanPostProcessors (for example: not eligible for auto-proxying)
2019-02-20 15:23:06.167 [restartedMain] INFO  o.s.c.s.PostProcessorRegistrationDelegate$BeanPostProcessorChecker -
				Bean 'spring.redis-org.springframework.boot.autoconfigure.data.redis.RedisProperties' of type [org.springframework.boot.autoconfigure.data.redis.RedisProperties] is not eligible for getting processed by all BeanPostProcessors (for example: not eligible for auto-proxying)
2019-02-20 15:23:06.180 [restartedMain] INFO  o.s.c.s.PostProcessorRegistrationDelegate$BeanPostProcessorChecker -
				Bean 'org.springframework.boot.autoconfigure.data.redis.LettuceConnectionConfiguration' of type [org.springframework.boot.autoconfigure.data.redis.LettuceConnectionConfiguration$$EnhancerBySpringCGLIB$$87113be2] is not eligible for getting processed by all BeanPostProcessors (for example: not eligible for auto-proxying)
2019-02-20 15:23:06.378 [restartedMain] INFO  o.s.c.s.PostProcessorRegistrationDelegate$BeanPostProcessorChecker -
				Bean 'lettuceClientResources' of type [io.lettuce.core.resource.DefaultClientResources] is not eligible for getting processed by all BeanPostProcessors (for example: not eligible for auto-proxying)
2019-02-20 15:23:06.558 [restartedMain] INFO  o.s.c.s.PostProcessorRegistrationDelegate$BeanPostProcessorChecker -
				Bean 'redisConnectionFactory' of type [org.springframework.data.redis.connection.lettuce.LettuceConnectionFactory] is not eligible for getting processed by all BeanPostProcessors (for example: not eligible for auto-proxying)
2019-02-20 15:23:06.611 [restartedMain] INFO  o.s.c.s.PostProcessorRegistrationDelegate$BeanPostProcessorChecker -
				Bean 'redisCacheManager' of type [org.springframework.data.redis.cache.RedisCacheManager] is not eligible for getting processed by all BeanPostProcessors (for example: not eligible for auto-proxying)
2019-02-20 15:23:06.633 [restartedMain] INFO  o.s.cache.ehcache.EhCacheManagerFactoryBean -
				Initializing EhCache CacheManager
2019-02-20 15:23:07.394 [restartedMain] INFO  o.s.c.s.PostProcessorRegistrationDelegate$BeanPostProcessorChecker -
				Bean 'ehCacheManagerFactoryBean' of type [org.springframework.cache.ehcache.EhCacheManagerFactoryBean] is not eligible for getting processed by all BeanPostProcessors (for example: not eligible for auto-proxying)
2019-02-20 15:23:07.406 [restartedMain] INFO  o.s.c.s.PostProcessorRegistrationDelegate$BeanPostProcessorChecker -
				Bean 'ehcacheCacheManager' of type [org.springframework.cache.ehcache.EhCacheCacheManager] is not eligible for getting processed by all BeanPostProcessors (for example: not eligible for auto-proxying)
2019-02-20 15:23:07.416 [restartedMain] INFO  o.s.c.s.PostProcessorRegistrationDelegate$BeanPostProcessorChecker -
				Bean 'cacheManager' of type [org.springframework.cache.support.CompositeCacheManager] is not eligible for getting processed by all BeanPostProcessors (for example: not eligible for auto-proxying)
2019-02-20 15:23:07.416 [restartedMain] INFO  o.s.c.s.PostProcessorRegistrationDelegate$BeanPostProcessorChecker -
				Bean 'compositeCachingConfigurer' of type [com.zhiyesoft.vote.CompositeCachingConfigurer$$EnhancerBySpringCGLIB$$8887a5db] is not eligible for getting processed by all BeanPostProcessors (for example: not eligible for auto-proxying)
2019-02-20 15:23:07.429 [restartedMain] INFO  o.s.c.s.PostProcessorRegistrationDelegate$BeanPostProcessorChecker -
				Bean 'cacheResolver' of type [org.springframework.cache.interceptor.SimpleCacheResolver] is not eligible for getting processed by all BeanPostProcessors (for example: not eligible for auto-proxying)
2019-02-20 15:23:07.502 [restartedMain] INFO  o.s.c.s.PostProcessorRegistrationDelegate$BeanPostProcessorChecker -
				Bean 'objectPostProcessor' of type [org.springframework.security.config.annotation.configuration.AutowireBeanFactoryObjectPostProcessor] is not eligible for getting processed by all BeanPostProcessors (for example: not eligible for auto-proxying)
2019-02-20 15:23:07.514 [restartedMain] INFO  o.s.c.s.PostProcessorRegistrationDelegate$BeanPostProcessorChecker -
				Bean 'org.springframework.security.access.expression.method.DefaultMethodSecurityExpressionHandler@182a6b7f' of type [org.springframework.security.oauth2.provider.expression.OAuth2MethodSecurityExpressionHandler] is not eligible for getting processed by all BeanPostProcessors (for example: not eligible for auto-proxying)
2019-02-20 15:23:07.524 [restartedMain] INFO  o.s.c.s.PostProcessorRegistrationDelegate$BeanPostProcessorChecker -
				Bean 'org.springframework.security.config.annotation.method.configuration.GlobalMethodSecurityConfiguration' of type [org.springframework.security.config.annotation.method.configuration.GlobalMethodSecurityConfiguration$$EnhancerBySpringCGLIB$$2f79e884] is not eligible for getting processed by all BeanPostProcessors (for example: not eligible for auto-proxying)
2019-02-20 15:23:07.542 [restartedMain] INFO  o.s.c.s.PostProcessorRegistrationDelegate$BeanPostProcessorChecker -
				Bean 'methodSecurityMetadataSource' of type [org.springframework.security.access.method.DelegatingMethodSecurityMetadataSource] is not eligible for getting processed by all BeanPostProcessors (for example: not eligible for auto-proxying)
2019-02-20 15:23:07.583 [restartedMain] INFO  o.s.c.s.PostProcessorRegistrationDelegate$BeanPostProcessorChecker -
				Bean 'org.springframework.cloud.autoconfigure.ConfigurationPropertiesRebinderAutoConfiguration' of type [org.springframework.cloud.autoconfigure.ConfigurationPropertiesRebinderAutoConfiguration$$EnhancerBySpringCGLIB$$8e118095] is not eligible for getting processed by all BeanPostProcessors (for example: not eligible for auto-proxying)
2019-02-20 15:23:08.590 [restartedMain] INFO  o.s.boot.web.embedded.tomcat.TomcatWebServer -
				Tomcat initialized with port(s): 8000 (http)
2019-02-20 15:23:08.624 [restartedMain] INFO  org.apache.coyote.http11.Http11NioProtocol -
				Initializing ProtocolHandler ["http-nio-8000"]
2019-02-20 15:23:08.647 [restartedMain] INFO  org.apache.catalina.core.StandardService -
				Starting service [Tomcat]
2019-02-20 15:23:08.647 [restartedMain] INFO  org.apache.catalina.core.StandardEngine -
				Starting Servlet Engine: Apache Tomcat/8.5.34
2019-02-20 15:23:08.655 [localhost-startStop-1] INFO  org.apache.catalina.core.AprLifecycleListener -
				The APR based Apache Tomcat Native library which allows optimal performance in production environments was not found on the java.library.path: [C:\Program Files\Java\jdk1.8.0_65\bin;C:\WINDOWS\Sun\Java\bin;C:\WINDOWS\system32;C:\WINDOWS;C:/Program Files/Java/jdk1.8.0_65/bin/../jre/bin/server;C:/Program Files/Java/jdk1.8.0_65/bin/../jre/bin;C:/Program Files/Java/jdk1.8.0_65/bin/../jre/lib/amd64;C:\Windows\system32;C:\Windows;C:\Windows\System32\Wbem;C:\Windows\System32\WindowsPowerShell\v1.0\;C:\Program Files (x86)\NVIDIA Corporation\PhysX\Common;C:\Program Files\Intel\WiFi\bin\;C:\Program Files\Common Files\Intel\WirelessCommon\;C:\WINDOWS\system32;C:\WINDOWS;C:\WINDOWS\System32\Wbem;C:\WINDOWS\System32\WindowsPowerShell\v1.0\;C:\WINDOWS\System32\OpenSSH\;C:\Program Files\Git\cmd;C:\Program Files\nodejs\;C:\Program Files\MySQL\MySQL Utilities 1.6\;C:\Program Files\TortoiseSVN\bin;C:\Program Files\Java\jdk1.8.0_65\bin;C:\soft\apache-maven-3.5.3\bin;C:\Users\10330\AppData\Local\Microsoft\WindowsApps;;C:\Users\10330\AppData\Roaming\npm;C:\Program Files\Microsoft VS Code\bin;C:\soft\spring-tool-suite-4-4.1.1.RELEASE-e4.10.0-win32.win32.x86_64\sts-4.1.1.RELEASE;;.]
2019-02-20 15:23:08.953 [localhost-startStop-1] INFO  o.a.c.core.ContainerBase.[Tomcat].[localhost].[/] -
				Initializing Spring embedded WebApplicationContext
2019-02-20 15:23:08.954 [localhost-startStop-1] INFO  org.springframework.web.context.ContextLoader -
				Root WebApplicationContext: initialization completed in 6175 ms
2019-02-20 15:23:09.641 [localhost-startStop-1] INFO  org.springframework.aop.framework.CglibAopProxy -
				Method [void com.zaxxer.hikari.HikariConfig.seal()] is package-visible across different ClassLoaders and cannot get proxied via CGLIB: Declare this method as public or protected if you need to support invocations through the proxy.
2019-02-20 15:23:10.357 [localhost-startStop-1] INFO  o.s.boot.web.servlet.FilterRegistrationBean -
				Mapping filter: 'characterEncodingFilter' to: [/*]
2019-02-20 15:23:10.358 [localhost-startStop-1] INFO  o.s.boot.web.servlet.FilterRegistrationBean -
				Mapping filter: 'webMvcMetricsFilter' to: [/*]
2019-02-20 15:23:10.359 [localhost-startStop-1] INFO  o.s.b.w.s.DelegatingFilterProxyRegistrationBean -
				Mapping filter: 'springSecurityFilterChain' to: [/*]
2019-02-20 15:23:10.359 [localhost-startStop-1] INFO  o.s.boot.web.servlet.FilterRegistrationBean -
				Mapping filter: 'httpTraceFilter' to: [/*]
2019-02-20 15:23:10.360 [localhost-startStop-1] INFO  o.s.boot.web.servlet.ServletRegistrationBean -
				Servlet dispatcherServlet mapped to [/]
2019-02-20 15:23:11.958 [restartedMain] INFO  o.s.w.s.m.m.a.RequestMappingHandlerMapping -
				Mapped "{[/vote/quest/delete/{id}],methods=[DELETE]}" onto public com.zhiyesoft.vote.basic.core.vo.Response com.zhiyesoft.vote.modules.topic.web.QuestionController.delete(java.lang.String)
2019-02-20 15:23:11.960 [restartedMain] INFO  o.s.w.s.m.m.a.RequestMappingHandlerMapping -
				Mapped "{[/vote/quest/selectAllByTopicId],methods=[GET]}" onto public com.zhiyesoft.vote.basic.core.vo.Response com.zhiyesoft.vote.modules.topic.web.QuestionController.selectAllByTopicId(java.lang.Integer)
2019-02-20 15:23:11.960 [restartedMain] INFO  o.s.w.s.m.m.a.RequestMappingHandlerMapping -
				Mapped "{[/vote/quest/selectByPage],methods=[GET]}" onto public com.zhiyesoft.vote.basic.core.vo.Response com.zhiyesoft.vote.modules.topic.web.QuestionController.selectByPage(java.lang.Integer,java.lang.Integer)
2019-02-20 15:23:11.960 [restartedMain] INFO  o.s.w.s.m.m.a.RequestMappingHandlerMapping -
				Mapped "{[/vote/quest/selectAll],methods=[GET]}" onto public com.zhiyesoft.vote.basic.core.vo.Response com.zhiyesoft.vote.modules.topic.web.QuestionController.selectAll()
2019-02-20 15:23:11.960 [restartedMain] INFO  o.s.w.s.m.m.a.RequestMappingHandlerMapping -
				Mapped "{[/vote/quest/view/{id}],methods=[GET]}" onto public com.zhiyesoft.vote.basic.core.vo.Response com.zhiyesoft.vote.modules.topic.web.QuestionController.getById(java.lang.String)
2019-02-20 15:23:11.962 [restartedMain] INFO  o.s.w.s.m.m.a.RequestMappingHandlerMapping -
				Mapped "{[/vote/topic/delete/{id}],methods=[DELETE]}" onto public com.zhiyesoft.vote.basic.core.vo.Response com.zhiyesoft.vote.modules.topic.web.TopicController.delete(java.lang.String)
2019-02-20 15:23:11.963 [restartedMain] INFO  o.s.w.s.m.m.a.RequestMappingHandlerMapping -
				Mapped "{[/vote/topic/selectByPage],methods=[GET]}" onto public com.zhiyesoft.vote.basic.core.vo.Response com.zhiyesoft.vote.modules.topic.web.TopicController.selectByPage(java.lang.Integer,java.lang.Integer)
2019-02-20 15:23:11.963 [restartedMain] INFO  o.s.w.s.m.m.a.RequestMappingHandlerMapping -
				Mapped "{[/vote/topic/selectAll],methods=[GET]}" onto public com.zhiyesoft.vote.basic.core.vo.Response com.zhiyesoft.vote.modules.topic.web.TopicController.selectAll()
2019-02-20 15:23:11.964 [restartedMain] INFO  o.s.w.s.m.m.a.RequestMappingHandlerMapping -
				Mapped "{[/vote/topic/view/{id}],methods=[GET]}" onto public com.zhiyesoft.vote.basic.core.vo.Response com.zhiyesoft.vote.modules.topic.web.TopicController.getById(java.lang.String)
2019-02-20 15:23:11.967 [restartedMain] INFO  o.s.w.s.m.m.a.RequestMappingHandlerMapping -
				Mapped "{[/vote/user/delete/{id}],methods=[DELETE]}" onto public com.zhiyesoft.vote.basic.core.vo.Response com.zhiyesoft.vote.modules.topic.web.UserController.delete(java.lang.String)
2019-02-20 15:23:11.968 [restartedMain] INFO  o.s.w.s.m.m.a.RequestMappingHandlerMapping -
				Mapped "{[/vote/user/selectAll],methods=[GET]}" onto public com.zhiyesoft.vote.basic.core.vo.Response com.zhiyesoft.vote.modules.topic.web.UserController.selectAll()
2019-02-20 15:23:11.968 [restartedMain] INFO  o.s.w.s.m.m.a.RequestMappingHandlerMapping -
				Mapped "{[/vote/user/login],methods=[POST]}" onto public com.zhiyesoft.vote.basic.core.vo.Response com.zhiyesoft.vote.modules.topic.web.UserController.login(java.lang.String,java.lang.String)
2019-02-20 15:23:11.968 [restartedMain] INFO  o.s.w.s.m.m.a.RequestMappingHandlerMapping -
				Mapped "{[/vote/user/view/{id}],methods=[GET]}" onto public com.zhiyesoft.vote.basic.core.vo.Response com.zhiyesoft.vote.modules.topic.web.UserController.getById(java.lang.Integer)
2019-02-20 15:23:11.969 [restartedMain] INFO  o.s.w.s.m.m.a.RequestMappingHandlerMapping -
				Mapped "{[/vote/user/createImg],methods=[GET]}" onto public void com.zhiyesoft.vote.modules.topic.web.UserController.captcha(javax.servlet.http.HttpServletRequest,javax.servlet.http.HttpServletResponse,javax.servlet.http.HttpSession) throws javax.servlet.ServletException,java.io.IOException
2019-02-20 15:23:11.976 [restartedMain] INFO  o.s.w.s.m.m.a.RequestMappingHandlerMapping -
				Mapped "{[/vote/vote/delete/{id}],methods=[DELETE]}" onto public com.zhiyesoft.vote.basic.core.vo.Response com.zhiyesoft.vote.modules.topic.web.VoteController.delete(java.lang.String)
2019-02-20 15:23:11.977 [restartedMain] INFO  o.s.w.s.m.m.a.RequestMappingHandlerMapping -
				Mapped "{[/vote/vote/export],methods=[GET]}" onto public void com.zhiyesoft.vote.modules.topic.web.VoteController.export(javax.servlet.http.HttpServletResponse)
2019-02-20 15:23:11.977 [restartedMain] INFO  o.s.w.s.m.m.a.RequestMappingHandlerMapping -
				Mapped "{[/vote/vote/selectTopicResultByUserId],methods=[POST]}" onto public com.zhiyesoft.vote.basic.core.vo.Response com.zhiyesoft.vote.modules.topic.web.VoteController.selectTopicResultByUserId(java.lang.String,java.lang.Integer)
2019-02-20 15:23:11.977 [restartedMain] INFO  o.s.w.s.m.m.a.RequestMappingHandlerMapping -
				Mapped "{[/vote/vote/exportTopicResultByUserId],methods=[GET]}" onto public com.zhiyesoft.vote.basic.core.vo.Response com.zhiyesoft.vote.modules.topic.web.VoteController.exportTopicResultByUserId(java.lang.String,java.lang.Integer,javax.servlet.http.HttpServletResponse)
2019-02-20 15:23:11.978 [restartedMain] INFO  o.s.w.s.m.m.a.RequestMappingHandlerMapping -
				Mapped "{[/vote/vote/selectResultByTopicId],methods=[POST]}" onto public com.zhiyesoft.vote.basic.core.vo.Response com.zhiyesoft.vote.modules.topic.web.VoteController.selectResultByTopicId(java.lang.Integer)
2019-02-20 15:23:11.978 [restartedMain] INFO  o.s.w.s.m.m.a.RequestMappingHandlerMapping -
				Mapped "{[/vote/vote/exportResultByTopicId],methods=[GET]}" onto public com.zhiyesoft.vote.basic.core.vo.Response com.zhiyesoft.vote.modules.topic.web.VoteController.exportResultByTopicId(java.lang.Integer,javax.servlet.http.HttpServletResponse)
2019-02-20 15:23:11.978 [restartedMain] INFO  o.s.w.s.m.m.a.RequestMappingHandlerMapping -
				Mapped "{[/vote/vote/exportVoteByDate],methods=[POST]}" onto public com.zhiyesoft.vote.basic.core.vo.Response com.zhiyesoft.vote.modules.topic.web.VoteController.exportVoteByDate(java.util.Date,java.util.Date,java.lang.String,java.lang.Integer,java.lang.Integer,javax.servlet.http.HttpServletResponse)
2019-02-20 15:23:11.979 [restartedMain] INFO  o.s.w.s.m.m.a.RequestMappingHandlerMapping -
				Mapped "{[/vote/vote/selectByPage],methods=[GET]}" onto public com.zhiyesoft.vote.basic.core.vo.Response com.zhiyesoft.vote.modules.topic.web.VoteController.selectByPage(java.lang.Integer,java.lang.Integer)
2019-02-20 15:23:11.979 [restartedMain] INFO  o.s.w.s.m.m.a.RequestMappingHandlerMapping -
				Mapped "{[/vote/vote/selectAll],methods=[GET]}" onto public com.zhiyesoft.vote.basic.core.vo.Response com.zhiyesoft.vote.modules.topic.web.VoteController.selectAll()
2019-02-20 15:23:11.979 [restartedMain] INFO  o.s.w.s.m.m.a.RequestMappingHandlerMapping -
				Mapped "{[/vote/vote/selectVoteByDate],methods=[POST]}" onto public com.zhiyesoft.vote.basic.core.vo.Response com.zhiyesoft.vote.modules.topic.web.VoteController.selectVoteByDate(java.util.Date,java.util.Date,java.lang.String,java.lang.Integer,java.lang.Integer)
2019-02-20 15:23:11.980 [restartedMain] INFO  o.s.w.s.m.m.a.RequestMappingHandlerMapping -
				Mapped "{[/vote/vote/view/{id}],methods=[GET]}" onto public com.zhiyesoft.vote.basic.core.vo.Response com.zhiyesoft.vote.modules.topic.web.VoteController.getById(java.lang.String)
2019-02-20 15:23:11.980 [restartedMain] INFO  o.s.w.s.m.m.a.RequestMappingHandlerMapping -
				Mapped "{[/vote/vote/importExcel],methods=[GET]}" onto public void com.zhiyesoft.vote.modules.topic.web.VoteController.importExcel()
2019-02-20 15:23:11.980 [restartedMain] INFO  o.s.w.s.m.m.a.RequestMappingHandlerMapping -
				Mapped "{[/vote/vote/insertVotes],methods=[POST]}" onto public com.zhiyesoft.vote.basic.core.vo.Response com.zhiyesoft.vote.modules.topic.web.VoteController.insertVotes(java.util.List<com.zhiyesoft.vote.modules.topic.domain.Vote>,java.lang.Integer,java.lang.Integer,java.lang.String,java.lang.String)
2019-02-20 15:23:11.984 [restartedMain] INFO  o.s.w.s.m.m.a.RequestMappingHandlerMapping -
				Mapped "{[/swagger-resources/configuration/security]}" onto public org.springframework.http.ResponseEntity<springfox.documentation.swagger.web.SecurityConfiguration> springfox.documentation.swagger.web.ApiResourceController.securityConfiguration()
2019-02-20 15:23:11.985 [restartedMain] INFO  o.s.w.s.m.m.a.RequestMappingHandlerMapping -
				Mapped "{[/swagger-resources]}" onto public org.springframework.http.ResponseEntity<java.util.List<springfox.documentation.swagger.web.SwaggerResource>> springfox.documentation.swagger.web.ApiResourceController.swaggerResources()
2019-02-20 15:23:11.985 [restartedMain] INFO  o.s.w.s.m.m.a.RequestMappingHandlerMapping -
				Mapped "{[/swagger-resources/configuration/ui]}" onto public org.springframework.http.ResponseEntity<springfox.documentation.swagger.web.UiConfiguration> springfox.documentation.swagger.web.ApiResourceController.uiConfiguration()
2019-02-20 15:23:11.988 [restartedMain] INFO  o.s.w.s.m.m.a.RequestMappingHandlerMapping -
				Mapped "{[/error]}" onto public org.springframework.http.ResponseEntity<java.util.Map<java.lang.String, java.lang.Object>> org.springframework.boot.autoconfigure.web.servlet.error.BasicErrorController.error(javax.servlet.http.HttpServletRequest)
2019-02-20 15:23:11.989 [restartedMain] INFO  o.s.w.s.m.m.a.RequestMappingHandlerMapping -
				Mapped "{[/error],produces=[text/html]}" onto public org.springframework.web.servlet.ModelAndView org.springframework.boot.autoconfigure.web.servlet.error.BasicErrorController.errorHtml(javax.servlet.http.HttpServletRequest,javax.servlet.http.HttpServletResponse)
2019-02-20 15:23:12.121 [restartedMain] INFO  o.s.b.actuate.endpoint.web.EndpointLinksResolver -
				Exposing 2 endpoint(s) beneath base path '/actuator'
2019-02-20 15:23:12.142 [restartedMain] INFO  o.s.b.a.e.web.servlet.WebMvcEndpointHandlerMapping -
				Mapped "{[/actuator/health],methods=[GET],produces=[application/vnd.spring-boot.actuator.v2+json || application/json]}" onto public java.lang.Object org.springframework.boot.actuate.endpoint.web.servlet.AbstractWebMvcEndpointHandlerMapping$OperationHandler.handle(javax.servlet.http.HttpServletRequest,java.util.Map<java.lang.String, java.lang.String>)
2019-02-20 15:23:12.144 [restartedMain] INFO  o.s.b.a.e.web.servlet.WebMvcEndpointHandlerMapping -
				Mapped "{[/actuator/info],methods=[GET],produces=[application/vnd.spring-boot.actuator.v2+json || application/json]}" onto public java.lang.Object org.springframework.boot.actuate.endpoint.web.servlet.AbstractWebMvcEndpointHandlerMapping$OperationHandler.handle(javax.servlet.http.HttpServletRequest,java.util.Map<java.lang.String, java.lang.String>)
2019-02-20 15:23:12.145 [restartedMain] INFO  o.s.b.a.e.web.servlet.WebMvcEndpointHandlerMapping -
				Mapped "{[/actuator],methods=[GET],produces=[application/vnd.spring-boot.actuator.v2+json || application/json]}" onto protected java.util.Map<java.lang.String, java.util.Map<java.lang.String, org.springframework.boot.actuate.endpoint.web.Link>> org.springframework.boot.actuate.endpoint.web.servlet.WebMvcEndpointHandlerMapping.links(javax.servlet.http.HttpServletRequest,javax.servlet.http.HttpServletResponse)
2019-02-20 15:23:12.952 [restartedMain] INFO  o.s.web.servlet.handler.SimpleUrlHandlerMapping -
				Mapped URL path [/swagger-ui.html] onto handler of type [class org.springframework.web.servlet.resource.ResourceHttpRequestHandler]
2019-02-20 15:23:12.953 [restartedMain] INFO  o.s.web.servlet.handler.SimpleUrlHandlerMapping -
				Mapped URL path [/webjars/**] onto handler of type [class org.springframework.web.servlet.resource.ResourceHttpRequestHandler]
2019-02-20 15:23:13.165 [restartedMain] INFO  o.s.w.s.m.m.a.RequestMappingHandlerAdapter -
				Looking for @ControllerAdvice: org.springframework.boot.web.servlet.context.AnnotationConfigServletWebServerApplicationContext@40703609: startup date [Wed Feb 20 15:23:02 CST 2019]; parent: org.springframework.context.annotation.AnnotationConfigApplicationContext@1fa10b61
2019-02-20 15:23:13.346 [restartedMain] INFO  s.d.s.w.PropertySourcedRequestMappingHandlerMapping -
				Mapped URL path [/v2/api-docs] onto method [public org.springframework.http.ResponseEntity<springfox.documentation.spring.web.json.Json> springfox.documentation.swagger2.web.Swagger2Controller.getDocumentation(java.lang.String,javax.servlet.http.HttpServletRequest)]
2019-02-20 15:23:14.690 [restartedMain] INFO  o.s.b.a.s.s.UserDetailsServiceAutoConfiguration -
				

Using generated security password: a1a8e257-5fb8-43a8-ae85-c23e56a56809

2019-02-20 15:23:14.984 [restartedMain] INFO  com.zhiyesoft.vote.ResourcesServerConfiguration -
				Configuring ResourceServerSecurityConfigurer
2019-02-20 15:23:15.139 [restartedMain] INFO  o.s.security.web.DefaultSecurityFilterChain -
				Creating filter chain: org.springframework.security.web.util.matcher.AnyRequestMatcher@1, [org.springframework.security.web.context.request.async.WebAsyncManagerIntegrationFilter@3034aeef, org.springframework.security.web.context.SecurityContextPersistenceFilter@8baf4c1, org.springframework.security.web.header.HeaderWriterFilter@4248057d, org.springframework.security.web.authentication.logout.LogoutFilter@53d7ad98, org.springframework.security.oauth2.provider.authentication.OAuth2AuthenticationProcessingFilter@2776629f, org.springframework.security.web.savedrequest.RequestCacheAwareFilter@733c0e15, org.springframework.security.web.servletapi.SecurityContextHolderAwareRequestFilter@19f7c0b0, org.springframework.security.web.authentication.AnonymousAuthenticationFilter@507e44d7, org.springframework.security.web.session.SessionManagementFilter@55a103b, org.springframework.security.web.access.ExceptionTranslationFilter@3fbb02a9, org.springframework.security.web.access.intercept.FilterSecurityInterceptor@74aa741e]
2019-02-20 15:23:15.156 [restartedMain] INFO  o.s.security.web.DefaultSecurityFilterChain -
				Creating filter chain: org.springframework.security.web.util.matcher.AnyRequestMatcher@1, [org.springframework.security.web.context.request.async.WebAsyncManagerIntegrationFilter@4d050174, org.springframework.security.web.context.SecurityContextPersistenceFilter@4aec2905, org.springframework.security.web.header.HeaderWriterFilter@130b054f, org.springframework.security.web.authentication.logout.LogoutFilter@7ef06d0b, org.springframework.security.web.savedrequest.RequestCacheAwareFilter@57caeeb9, org.springframework.security.web.servletapi.SecurityContextHolderAwareRequestFilter@1ca0b872, org.springframework.security.web.authentication.AnonymousAuthenticationFilter@518b17ca, org.springframework.security.web.session.SessionManagementFilter@53d62c89, org.springframework.security.web.access.ExceptionTranslationFilter@27974584, org.springframework.security.web.access.intercept.FilterSecurityInterceptor@1a35b90f]
2019-02-20 15:23:15.288 [restartedMain] INFO  o.s.b.d.autoconfigure.OptionalLiveReloadServer -
				LiveReload server is running on port 35729
2019-02-20 15:23:15.759 [restartedMain] INFO  o.s.jmx.export.annotation.AnnotationMBeanExporter -
				Registering beans for JMX exposure on startup
2019-02-20 15:23:15.762 [restartedMain] INFO  o.s.jmx.export.annotation.AnnotationMBeanExporter -
				Bean with name 'dataSource' has been autodetected for JMX exposure
2019-02-20 15:23:15.770 [restartedMain] INFO  o.s.jmx.export.annotation.AnnotationMBeanExporter -
				Bean with name 'environmentManager' has been autodetected for JMX exposure
2019-02-20 15:23:15.771 [restartedMain] INFO  o.s.jmx.export.annotation.AnnotationMBeanExporter -
				Bean with name 'refreshScope' has been autodetected for JMX exposure
2019-02-20 15:23:15.774 [restartedMain] INFO  o.s.jmx.export.annotation.AnnotationMBeanExporter -
				Bean with name 'configurationPropertiesRebinder' has been autodetected for JMX exposure
2019-02-20 15:23:15.777 [restartedMain] INFO  o.s.jmx.export.annotation.AnnotationMBeanExporter -
				Located managed bean 'environmentManager': registering with JMX server as MBean [org.springframework.cloud.context.environment:name=environmentManager,type=EnvironmentManager]
2019-02-20 15:23:15.787 [restartedMain] INFO  o.s.jmx.export.annotation.AnnotationMBeanExporter -
				Located managed bean 'refreshScope': registering with JMX server as MBean [org.springframework.cloud.context.scope.refresh:name=refreshScope,type=RefreshScope]
2019-02-20 15:23:15.801 [restartedMain] INFO  o.s.jmx.export.annotation.AnnotationMBeanExporter -
				Located managed bean 'configurationPropertiesRebinder': registering with JMX server as MBean [org.springframework.cloud.context.properties:name=configurationPropertiesRebinder,context=40703609,type=ConfigurationPropertiesRebinder]
2019-02-20 15:23:15.809 [restartedMain] INFO  o.s.jmx.export.annotation.AnnotationMBeanExporter -
				Located MBean 'dataSource': registering with JMX server as MBean [com.zaxxer.hikari:name=dataSource,type=HikariDataSource]
2019-02-20 15:23:15.819 [restartedMain] INFO  o.s.context.support.DefaultLifecycleProcessor -
				Starting beans in phase 2147483647
2019-02-20 15:23:15.819 [restartedMain] INFO  s.d.s.web.plugins.DocumentationPluginsBootstrapper -
				Context refreshed
2019-02-20 15:23:15.841 [restartedMain] INFO  s.d.s.web.plugins.DocumentationPluginsBootstrapper -
				Found 1 custom documentation plugin(s)
2019-02-20 15:23:15.899 [restartedMain] INFO  s.d.spring.web.scanners.ApiListingReferenceScanner -
				Scanning for api listing references
2019-02-20 15:23:16.117 [restartedMain] INFO  s.d.s.w.r.operation.CachingOperationNameGenerator -
				Generating unique operation named: deleteUsingDELETE_1
2019-02-20 15:23:16.121 [restartedMain] INFO  s.d.s.w.r.operation.CachingOperationNameGenerator -
				Generating unique operation named: getByIdUsingGET_1
2019-02-20 15:23:16.124 [restartedMain] INFO  s.d.s.w.r.operation.CachingOperationNameGenerator -
				Generating unique operation named: selectAllUsingGET_1
2019-02-20 15:23:16.127 [restartedMain] INFO  s.d.s.w.r.operation.CachingOperationNameGenerator -
				Generating unique operation named: selectByPageUsingGET_1
2019-02-20 15:23:16.139 [restartedMain] INFO  s.d.s.w.r.operation.CachingOperationNameGenerator -
				Generating unique operation named: deleteUsingDELETE_2
2019-02-20 15:23:16.146 [restartedMain] INFO  s.d.s.w.r.operation.CachingOperationNameGenerator -
				Generating unique operation named: getByIdUsingGET_2
2019-02-20 15:23:16.151 [restartedMain] INFO  s.d.s.w.r.operation.CachingOperationNameGenerator -
				Generating unique operation named: selectAllUsingGET_2
2019-02-20 15:23:16.158 [restartedMain] INFO  s.d.s.w.r.operation.CachingOperationNameGenerator -
				Generating unique operation named: deleteUsingDELETE_3
2019-02-20 15:23:16.188 [restartedMain] INFO  s.d.s.w.r.operation.CachingOperationNameGenerator -
				Generating unique operation named: getByIdUsingGET_3
2019-02-20 15:23:16.211 [restartedMain] INFO  s.d.s.w.r.operation.CachingOperationNameGenerator -
				Generating unique operation named: selectAllUsingGET_3
2019-02-20 15:23:16.216 [restartedMain] INFO  s.d.s.w.r.operation.CachingOperationNameGenerator -
				Generating unique operation named: selectByPageUsingGET_2
2019-02-20 15:23:16.264 [restartedMain] INFO  org.apache.coyote.http11.Http11NioProtocol -
				Starting ProtocolHandler ["http-nio-8000"]
2019-02-20 15:23:16.292 [restartedMain] INFO  org.apache.tomcat.util.net.NioSelectorPool -
				Using a shared selector for servlet write/read
2019-02-20 15:23:16.325 [restartedMain] INFO  o.s.boot.web.embedded.tomcat.TomcatWebServer -
				Tomcat started on port(s): 8000 (http) with context path ''
2019-02-20 15:23:16.331 [restartedMain] INFO  com.zhiyesoft.vote.MyVoteApplication -
				Started MyVoteApplication in 16.615 seconds (JVM running for 18.329)
2019-02-20 15:23:32.141 [RMI TCP Connection(7)-127.0.0.1] INFO  o.s.b.a.SpringApplicationAdminMXBeanRegistrar$SpringApplicationAdmin -
				Application shutdown requested.
2019-02-20 15:23:32.141 [RMI TCP Connection(7)-127.0.0.1] INFO  o.s.b.w.s.c.AnnotationConfigServletWebServerApplicationContext -
				Closing org.springframework.boot.web.servlet.context.AnnotationConfigServletWebServerApplicationContext@40703609: startup date [Wed Feb 20 15:23:02 CST 2019]; parent: org.springframework.context.annotation.AnnotationConfigApplicationContext@1fa10b61
2019-02-20 15:23:32.147 [RMI TCP Connection(7)-127.0.0.1] INFO  o.s.context.support.DefaultLifecycleProcessor -
				Stopping beans in phase 2147483647
2019-02-20 15:23:32.150 [RMI TCP Connection(7)-127.0.0.1] INFO  o.s.jmx.export.annotation.AnnotationMBeanExporter -
				Unregistering JMX-exposed beans on shutdown
2019-02-20 15:23:32.151 [RMI TCP Connection(7)-127.0.0.1] INFO  o.s.jmx.export.annotation.AnnotationMBeanExporter -
				Unregistering JMX-exposed beans
2019-02-20 15:23:32.154 [RMI TCP Connection(7)-127.0.0.1] INFO  o.s.cache.ehcache.EhCacheManagerFactoryBean -
				Shutting down EhCache CacheManager
2019-02-20 15:23:32.185 [RMI TCP Connection(7)-127.0.0.1] INFO  org.apache.coyote.http11.Http11NioProtocol -
				Pausing ProtocolHandler ["http-nio-8000"]
2019-02-20 15:23:32.332 [RMI TCP Connection(7)-127.0.0.1] INFO  org.apache.catalina.core.StandardService -
				Stopping service [Tomcat]
2019-02-20 15:23:32.344 [RMI TCP Connection(7)-127.0.0.1] INFO  org.apache.coyote.http11.Http11NioProtocol -
				Stopping ProtocolHandler ["http-nio-8000"]
2019-02-20 15:23:32.350 [RMI TCP Connection(7)-127.0.0.1] INFO  org.apache.coyote.http11.Http11NioProtocol -
				Destroying ProtocolHandler ["http-nio-8000"]
